0 info it worked if it ends with ok
1 verbose cli [ 'C:\\Users\\aaed1\\OneDrive\\문서\\GitHub\\새 폴더\\2020Capston3WDA\\fe\\node\\node.exe',
1 verbose cli   'C:\\Users\\aaed1\\OneDrive\\문서\\GitHub\\새 폴더\\2020Capston3WDA\\fe\\node\\node_modules\\npm\\bin\\npm-cli.js',
1 verbose cli   'run',
1 verbose cli   'build',
1 verbose cli   '--color=false' ]
2 info using npm@3.5.3
3 info using node@v4.2.1
4 verbose run-script [ 'prebuild', 'build', 'postbuild' ]
5 info lifecycle fe@1.0.0~prebuild: fe@1.0.0
6 silly lifecycle fe@1.0.0~prebuild: no script for prebuild, continuing
7 info lifecycle fe@1.0.0~build: fe@1.0.0
8 verbose lifecycle fe@1.0.0~build: unsafe-perm in lifecycle true
9 verbose lifecycle fe@1.0.0~build: PATH: C:\Users\aaed1\OneDrive\문서\GitHub\새 폴더\2020Capston3WDA\fe\node\node_modules\npm\bin\node-gyp-bin;C:\Users\aaed1\OneDrive\문서\GitHub\새 폴더\2020Capston3WDA\fe\node_modules\.bin;C:\Users\aaed1\OneDrive\문서\GitHub\새 폴더\2020Capston3WDA\fe\node;C:\Program Files (x86)\Common Files\Intel\Shared Libraries\redist\intel64\compiler;C:\app\aaed1\product\11.2.0\dbhome_2\bin;C:\oraclexe\app\oracle\product\11.2.0\server\bin;C:\Program Files (x86)\Common Files\Oracle\Java\javapath;C:\Windows\system32;C:\Windows;C:\Windows\System32\Wbem;C:\Windows\System32\WindowsPowerShell\v1.0\;C:\Windows\System32\OpenSSH\;C:\Program Files (x86)\NVIDIA Corporation\PhysX\Common;C:\Program Files\NVIDIA Corporation\NVIDIA NvDLISR;C:\Program Files\Git\cmd;C:\Program Files\Git\mingw64\bin;C:\Program Files\Git\usr\bin;C:\apache-maven-3.6.3-bin\apache-maven-3.6.3\bin;C:\Users\aaed1\AppData\Roaming\nvm;C:\Program Files\nodejs;C:\Program Files\Java\jdk1.8.0_251\bin;C:\Users\aaed1\AppData\Local\Microsoft\WindowsApps;C:\Program Files\Bandizip\;C:\Users\aaed1\AppData\Local\GitHubDesktop\bin;C:\Users\aaed1\AppData\Roaming\nvm;C:\Program Files\nodejs;C:\Users\aaed1\AppData\Local\Programs\Microsoft VS Code\bin;
10 verbose lifecycle fe@1.0.0~build: CWD: C:\Users\aaed1\OneDrive\문서\GitHub\새 폴더\2020Capston3WDA\fe
11 silly lifecycle fe@1.0.0~build: Args: [ '/d /s /c', 'webpack' ]
12 silly lifecycle fe@1.0.0~build: Returned: code: 2  signal: null
13 info lifecycle fe@1.0.0~build: Failed to exec build script
14 verbose stack Error: fe@1.0.0 build: `webpack`
14 verbose stack Exit status 2
14 verbose stack     at EventEmitter.<anonymous> (C:\Users\aaed1\OneDrive\문서\GitHub\새 폴더\2020Capston3WDA\fe\node\node_modules\npm\lib\utils\lifecycle.js:232:16)
14 verbose stack     at emitTwo (events.js:87:13)
14 verbose stack     at EventEmitter.emit (events.js:172:7)
14 verbose stack     at ChildProcess.<anonymous> (C:\Users\aaed1\OneDrive\문서\GitHub\새 폴더\2020Capston3WDA\fe\node\node_modules\npm\lib\utils\spawn.js:24:14)
14 verbose stack     at emitTwo (events.js:87:13)
14 verbose stack     at ChildProcess.emit (events.js:172:7)
14 verbose stack     at maybeClose (internal/child_process.js:818:16)
14 verbose stack     at Process.ChildProcess._handle.onexit (internal/child_process.js:211:5)
15 verbose pkgid fe@1.0.0
16 verbose cwd C:\Users\aaed1\OneDrive\문서\GitHub\새 폴더\2020Capston3WDA\fe
17 error Windows_NT 10.0.18363
18 error argv "C:\\Users\\aaed1\\OneDrive\\문서\\GitHub\\새 폴더\\2020Capston3WDA\\fe\\node\\node.exe" "C:\\Users\\aaed1\\OneDrive\\문서\\GitHub\\새 폴더\\2020Capston3WDA\\fe\\node\\node_modules\\npm\\bin\\npm-cli.js" "run" "build" "--color=false"
19 error node v4.2.1
20 error npm  v3.5.3
21 error code ELIFECYCLE
22 error fe@1.0.0 build: `webpack`
22 error Exit status 2
23 error Failed at the fe@1.0.0 build script 'webpack'.
23 error Make sure you have the latest version of node.js and npm installed.
23 error If you do, this is most likely a problem with the fe package,
23 error not with npm itself.
23 error Tell the author that this fails on your system:
23 error     webpack
23 error You can get information on how to open an issue for this project with:
23 error     npm bugs fe
23 error Or if that isn't available, you can get their info via:
23 error     npm owner ls fe
23 error There is likely additional logging output above.
24 verbose exit [ 1, true ]
